[
  {
    "level": "INFO",
    "message": "android.ndkVersion from module build.gradle is not set"
  },
  {
    "level": "INFO",
    "message": "ndk.dir in local.properties is /home/motamid/Android/Sdk/ndk/22.1.7171670"
  },
  {
    "level": "INFO",
    "message": "ANDROID_NDK_HOME environment variable is not set"
  },
  {
    "level": "INFO",
    "message": "sdkFolder is /home/motamid/Android/Sdk"
  },
  {
    "level": "INFO",
    "message": "Considering /home/motamid/Android/Sdk/ndk/22.1.7171670 by ndk.dir"
  },
  {
    "level": "INFO",
    "message": "Considering /home/motamid/Android/Sdk/ndk-bundle in SDK ndk-bundle folder"
  },
  {
    "level": "INFO",
    "message": "Considering /home/motamid/Android/Sdk/ndk/22.1.7171670 in SDK ndk folder"
  },
  {
    "level": "INFO",
    "message": "Considering /home/motamid/Android/Sdk/ndk/21.0.6113669 in SDK ndk folder"
  },
  {
    "level": "INFO",
    "message": "Found requested ndk.dir (/home/motamid/Android/Sdk/ndk/22.1.7171670) which has version 22.1.7171670"
  }
]